<?xml version="1.0" encoding="UTF-8"?>
<!-- Generated by org.testng.reporters.JUnitXMLReporter -->
<testsuite hostname="DELL-PC" name="Test" tests="7" failures="0" timestamp="18 Dec 2016 09:54:41 GMT" time="89.833" errors="0">
  <testcase name="valid_Login" time="3.055" classname="Testscript.script_Login"/>
  <testcase name="invalid_Login" time="2.402" classname="Testscript.script_Login"/>
  <testcase name="invalid_Login" time="2.894" classname="Testscript.script_Login"/>
  <testcase name="invalid_Login" time="1.672" classname="Testscript.script_Login"/>
  <testcase name="invalid_Login" time="1.627" classname="Testscript.script_Login"/>
  <testcase name="ValidSearch" time="6.653" classname="Testscript.script_Search"/>
  <testcase name="Invalid_Search" time="16.997" classname="Testscript.script_Search"/>
</testsuite> <!-- Test -->
