<?xml version="1.0" encoding="UTF-8"?>
<testng-results skipped="0" failed="0" total="7" passed="7">
  <reporter-output>
  </reporter-output>
  <suite name="Suite" duration-ms="89833" started-at="2016-12-18T09:53:11Z" finished-at="2016-12-18T09:54:41Z">
    <groups>
      <group name="Smk">
        <method signature="script_Login.valid_Login(java.util.Map)[pri:1, instance:Testscript.script_Login@100a15d]" name="valid_Login" class="Testscript.script_Login"/>
        <method signature="script_Search.Invalid_Search(java.util.Map)[pri:4, instance:Testscript.script_Search@1efea79]" name="Invalid_Search" class="Testscript.script_Search"/>
      </group> <!-- Smk -->
      <group name="Reg">
        <method signature="script_Login.invalid_Login(java.util.Map)[pri:2, instance:Testscript.script_Login@100a15d]" name="invalid_Login" class="Testscript.script_Login"/>
        <method signature="script_Search.Invalid_Search(java.util.Map)[pri:4, instance:Testscript.script_Search@1efea79]" name="Invalid_Search" class="Testscript.script_Search"/>
      </group> <!-- Reg -->
      <group name="UAT">
        <method signature="script_Login.invalid_Login(java.util.Map)[pri:2, instance:Testscript.script_Login@100a15d]" name="invalid_Login" class="Testscript.script_Login"/>
        <method signature="script_Search.ValidSearch(java.util.Map)[pri:3, instance:Testscript.script_Search@1efea79]" name="ValidSearch" class="Testscript.script_Search"/>
      </group> <!-- UAT -->
    </groups>
    <test name="Test" duration-ms="89833" started-at="2016-12-18T09:53:11Z" finished-at="2016-12-18T09:54:41Z">
      <class name="Testscript.script_Login">
        <test-method status="PASS" signature="create_Report()[pri:0, instance:Testscript.script_Login@100a15d]" name="create_Report" is-config="true" duration-ms="94" started-at="2016-12-18T15:23:11Z" finished-at="2016-12-18T15:23:11Z">
          <reporter-output>
          </reporter-output>
        </test-method> <!-- create_Report -->
        <test-method status="PASS" signature="launchApp(java.lang.String)[pri:0, instance:Testscript.script_Login@100a15d]" name="launchApp" is-config="true" duration-ms="7763" started-at="2016-12-18T15:23:12Z" finished-at="2016-12-18T15:23:20Z">
          <params>
            <param index="0">
              <value>
                <![CDATA[ff]]>
              </value>
            </param>
          </params>
          <reporter-output>
          </reporter-output>
        </test-method> <!-- launchApp -->
        <test-method status="PASS" signature="valid_Login(java.util.Map)[pri:1, instance:Testscript.script_Login@100a15d]" name="valid_Login" duration-ms="3055" started-at="2016-12-18T15:23:20Z" data-provider="validLogin" finished-at="2016-12-18T15:23:23Z">
          <params>
            <param index="0">
              <value>
                <![CDATA[{Order=1.0, Script=ValidLogin, TC_ID=GB_07, Execute=Y, pwd=learn123, exp_msg=qtpworld2008, username=qtpworld2008@gmail.com}]]>
              </value>
            </param>
          </params>
          <reporter-output>
          </reporter-output>
        </test-method> <!-- valid_Login -->
        <test-method status="PASS" signature="cloaseApp()[pri:0, instance:Testscript.script_Login@100a15d]" name="cloaseApp" is-config="true" duration-ms="287" started-at="2016-12-18T15:23:23Z" finished-at="2016-12-18T15:23:23Z">
          <reporter-output>
          </reporter-output>
        </test-method> <!-- cloaseApp -->
        <test-method status="PASS" signature="launchApp(java.lang.String)[pri:0, instance:Testscript.script_Login@100a15d]" name="launchApp" is-config="true" duration-ms="8676" started-at="2016-12-18T15:23:23Z" finished-at="2016-12-18T15:23:32Z">
          <params>
            <param index="0">
              <value>
                <![CDATA[ff]]>
              </value>
            </param>
          </params>
          <reporter-output>
          </reporter-output>
        </test-method> <!-- launchApp -->
        <test-method status="PASS" signature="invalid_Login(java.util.Map)[pri:2, instance:Testscript.script_Login@100a15d]" name="invalid_Login" duration-ms="2402" started-at="2016-12-18T15:23:32Z" data-provider="invalidLogin" finished-at="2016-12-18T15:23:34Z">
          <params>
            <param index="0">
              <value>
                <![CDATA[{Order=1.0, Script=InvalidLogin, TC_ID=GB_01, Execute=Y, pwd=sfh, exp_msg=Sorry we were unable to complete this step because :, username=iweyr}]]>
              </value>
            </param>
          </params>
          <reporter-output>
          </reporter-output>
        </test-method> <!-- invalid_Login -->
        <test-method status="PASS" signature="cloaseApp()[pri:0, instance:Testscript.script_Login@100a15d]" name="cloaseApp" is-config="true" duration-ms="38" started-at="2016-12-18T15:23:34Z" finished-at="2016-12-18T15:23:34Z">
          <reporter-output>
          </reporter-output>
        </test-method> <!-- cloaseApp -->
        <test-method status="PASS" signature="launchApp(java.lang.String)[pri:0, instance:Testscript.script_Login@100a15d]" name="launchApp" is-config="true" duration-ms="7116" started-at="2016-12-18T15:23:34Z" finished-at="2016-12-18T15:23:41Z">
          <params>
            <param index="0">
              <value>
                <![CDATA[ff]]>
              </value>
            </param>
          </params>
          <reporter-output>
          </reporter-output>
        </test-method> <!-- launchApp -->
        <test-method status="PASS" signature="invalid_Login(java.util.Map)[pri:2, instance:Testscript.script_Login@100a15d]" name="invalid_Login" duration-ms="2894" started-at="2016-12-18T15:23:41Z" data-provider="invalidLogin" finished-at="2016-12-18T15:23:44Z">
          <params>
            <param index="0">
              <value>
                <![CDATA[{Order=2.0, Script=InvalidLogin, TC_ID=GB_01, Execute=Y, pwd=jch, exp_msg=Sorry we were unable to complete this step because :, username=sajgh}]]>
              </value>
            </param>
          </params>
          <reporter-output>
          </reporter-output>
        </test-method> <!-- invalid_Login -->
        <test-method status="PASS" signature="cloaseApp()[pri:0, instance:Testscript.script_Login@100a15d]" name="cloaseApp" is-config="true" duration-ms="35" started-at="2016-12-18T15:23:44Z" finished-at="2016-12-18T15:23:44Z">
          <reporter-output>
          </reporter-output>
        </test-method> <!-- cloaseApp -->
        <test-method status="PASS" signature="launchApp(java.lang.String)[pri:0, instance:Testscript.script_Login@100a15d]" name="launchApp" is-config="true" duration-ms="6953" started-at="2016-12-18T15:23:44Z" finished-at="2016-12-18T15:23:51Z">
          <params>
            <param index="0">
              <value>
                <![CDATA[ff]]>
              </value>
            </param>
          </params>
          <reporter-output>
          </reporter-output>
        </test-method> <!-- launchApp -->
        <test-method status="PASS" signature="invalid_Login(java.util.Map)[pri:2, instance:Testscript.script_Login@100a15d]" name="invalid_Login" duration-ms="1672" started-at="2016-12-18T15:23:51Z" data-provider="invalidLogin" finished-at="2016-12-18T15:23:53Z">
          <params>
            <param index="0">
              <value>
                <![CDATA[{Order=3.0, Script=InvalidLogin, TC_ID=GB_01, Execute=Y, pwd=jzdksd, exp_msg=Sorry we were unable to complete this step because :, username=}]]>
              </value>
            </param>
          </params>
          <reporter-output>
          </reporter-output>
        </test-method> <!-- invalid_Login -->
        <test-method status="PASS" signature="cloaseApp()[pri:0, instance:Testscript.script_Login@100a15d]" name="cloaseApp" is-config="true" duration-ms="36" started-at="2016-12-18T15:23:53Z" finished-at="2016-12-18T15:23:53Z">
          <reporter-output>
          </reporter-output>
        </test-method> <!-- cloaseApp -->
        <test-method status="PASS" signature="launchApp(java.lang.String)[pri:0, instance:Testscript.script_Login@100a15d]" name="launchApp" is-config="true" duration-ms="7157" started-at="2016-12-18T15:23:53Z" finished-at="2016-12-18T15:24:00Z">
          <params>
            <param index="0">
              <value>
                <![CDATA[ff]]>
              </value>
            </param>
          </params>
          <reporter-output>
          </reporter-output>
        </test-method> <!-- launchApp -->
        <test-method status="PASS" signature="invalid_Login(java.util.Map)[pri:2, instance:Testscript.script_Login@100a15d]" name="invalid_Login" duration-ms="1627" started-at="2016-12-18T15:24:00Z" data-provider="invalidLogin" finished-at="2016-12-18T15:24:02Z">
          <params>
            <param index="0">
              <value>
                <![CDATA[{Order=1.0, Script=InvalidLogin, TC_ID=GB_04, Execute=Y, pwd=learn123, exp_msg=Sorry we were unable to complete this step because :, username=}]]>
              </value>
            </param>
          </params>
          <reporter-output>
          </reporter-output>
        </test-method> <!-- invalid_Login -->
        <test-method status="PASS" signature="cloaseApp()[pri:0, instance:Testscript.script_Login@100a15d]" name="cloaseApp" is-config="true" duration-ms="37" started-at="2016-12-18T15:24:02Z" finished-at="2016-12-18T15:24:02Z">
          <reporter-output>
          </reporter-output>
        </test-method> <!-- cloaseApp -->
      </class> <!-- Testscript.script_Login -->
      <class name="Testscript.script_Search">
        <test-method status="PASS" signature="launchApp(java.lang.String)[pri:0, instance:Testscript.script_Search@1efea79]" name="launchApp" is-config="true" duration-ms="7725" started-at="2016-12-18T15:24:02Z" finished-at="2016-12-18T15:24:10Z">
          <params>
            <param index="0">
              <value>
                <![CDATA[ff]]>
              </value>
            </param>
          </params>
          <reporter-output>
          </reporter-output>
        </test-method> <!-- launchApp -->
        <test-method status="PASS" signature="ValidSearch(java.util.Map)[pri:3, instance:Testscript.script_Search@1efea79]" name="ValidSearch" duration-ms="6653" started-at="2016-12-18T15:24:10Z" data-provider="validSearch" finished-at="2016-12-18T15:24:16Z">
          <params>
            <param index="0">
              <value>
                <![CDATA[{Order=1.0, searchtext=Ways, Script=ValidSearch, Uname=qtpworld2008@gmail.com, Expected=230.0, password=learn123, TC_ID=GB_09, Execute=Y}]]>
              </value>
            </param>
          </params>
          <reporter-output>
          </reporter-output>
        </test-method> <!-- ValidSearch -->
        <test-method status="PASS" signature="cloaseApp()[pri:0, instance:Testscript.script_Search@1efea79]" name="cloaseApp" is-config="true" duration-ms="53" started-at="2016-12-18T15:24:16Z" finished-at="2016-12-18T15:24:16Z">
          <reporter-output>
          </reporter-output>
        </test-method> <!-- cloaseApp -->
        <test-method status="PASS" signature="launchApp(java.lang.String)[pri:0, instance:Testscript.script_Search@1efea79]" name="launchApp" is-config="true" duration-ms="7851" started-at="2016-12-18T15:24:16Z" finished-at="2016-12-18T15:24:24Z">
          <params>
            <param index="0">
              <value>
                <![CDATA[ff]]>
              </value>
            </param>
          </params>
          <reporter-output>
          </reporter-output>
        </test-method> <!-- launchApp -->
        <test-method status="PASS" signature="Invalid_Search(java.util.Map)[pri:4, instance:Testscript.script_Search@1efea79]" name="Invalid_Search" duration-ms="16997" started-at="2016-12-18T15:24:24Z" data-provider="invalidSearch" finished-at="2016-12-18T15:24:41Z">
          <params>
            <param index="0">
              <value>
                <![CDATA[{Order=1.0, searchtext=sdlk, Script=InvalidSearch, Uname=qtpworld2008@gmail.com, Expected=Sorry..'sdlk' does not match any product on Rediff Books., password=learn123, TC_ID=GB_08, Execute=Y}]]>
              </value>
            </param>
          </params>
          <reporter-output>
          </reporter-output>
        </test-method> <!-- Invalid_Search -->
        <test-method status="PASS" signature="cloaseApp()[pri:0, instance:Testscript.script_Search@1efea79]" name="cloaseApp" is-config="true" duration-ms="31" started-at="2016-12-18T15:24:41Z" finished-at="2016-12-18T15:24:41Z">
          <reporter-output>
          </reporter-output>
        </test-method> <!-- cloaseApp -->
      </class> <!-- Testscript.script_Search -->
    </test> <!-- Test -->
  </suite> <!-- Suite -->
</testng-results>
